2025-09-16 19:37:35, MOVE, v:1, k:toalha, mode:DOWN
2025-09-16 19:37:36, MOVE, v:1, k:toalha, mode:PICK
2025-09-16 19:37:40, EXEC, v:1, k:toalha, mode:LOCK, rate:100, size:0
2025-09-16 19:37:41, EXEC, v:1, k:toalha, mode:LOCK, rate:100
2025-09-16 19:37:42, EXEC, v:1, k:toalha, mode:LOCK, rate:100
2025-09-16 19:37:43, EXEC, v:1, k:toalha, mode:LOCK, rate:100
2025-09-16 19:39:22, EXEC, v:1, k:toalha, mode:LOCK, rate:0, size:1
2025-09-16 19:54:41, EXEC, v:1, k:toalha, mode:LOCK, rate:0
2025-09-16 19:54:46, EXEC, v:1, k:toalha, mode:LOCK, rate:0
2025-09-16 19:54:52, EXEC, v:1, k:toalha, mode:FREE
2025-09-16 19:56:36, MOVE, v:1, k:toalha, mode:PICK
2025-09-16 19:56:39, EXEC, v:1, k:toalha, mode:LOCK, rate:0
2025-09-16 19:56:57, MOVE, v:1, k:toalha, mode:PICK
2025-09-16 20:03:00, EXEC, v:1, k:toalha, mode:LOCK, rate:0
2025-09-16 20:03:48, EXEC, v:1, k:toalha, mode:LOCK, rate:0, size:2
2025-09-16 20:03:58, EXEC, v:1, k:toalha, mode:LOCK, rate:0, size:1
2025-09-16 20:10:13, EXEC, v:1, k:toalha, mode:LOCK, rate:0, size:12
2025-09-16 20:19:08, EXEC, v:1, k:toalha, mode:LOCK, rate:0, size:14
2025-09-16 20:19:13, EXEC, v:1, k:toalha, mode:LOCK, rate:0
2025-09-16 20:19:14, EXEC, v:1, k:toalha, mode:LOCK, rate:0
2025-09-16 20:19:14, EXEC, v:1, k:toalha, mode:LOCK, rate:0
2025-09-16 20:21:46, EXEC, v:1, k:toalha, mode:LOCK, rate:0, size:19
2025-09-16 20:21:47, EXEC, v:1, k:toalha, mode:LOCK, rate:0
2025-09-16 20:21:48, EXEC, v:1, k:toalha, mode:LOCK, rate:0
2025-09-16 20:21:49, EXEC, v:1, k:toalha, mode:LOCK, rate:0
2025-09-16 20:21:51, EXEC, v:1, k:toalha, mode:LOCK, rate:0
